# JRE version: Java(TM) SE Runtime Environment (14.0.2+12) (build 14.0.2+12-46)
# Java VM: Java HotSpot(TM) 64-Bit Server VM (14.0.2+12-46, mixed mode, sharing, tiered, compressed oops, g1 gc, bsd-amd64)
Heap:
 garbage-first heap   total 25600K, used 13251K [0x00000007e0000000, 0x0000000800000000)
  region size 1024K, 4 young (4096K), 1 survivors (1024K)
 Metaspace       used 3767K, capacity 6442K, committed 6528K, reserved 1056768K
  class space    used 339K, capacity 619K, committed 640K, reserved 1048576K
GC Heap History (18 events):
Event: 142.264 GC heap before
{Heap before GC invocations=0 (full 0):
 garbage-first heap   total 264192K, used 7984K [0x00000007e0000000, 0x0000000800000000)
  region size 1024K, 9 young (9216K), 0 survivors (0K)
 Metaspace       used 2981K, capacity 6131K, committed 6272K, reserved 1056768K
  class space    used 292K, capacity 599K, committed 640K, reserved 1048576K
}
Event: 142.277 GC heap after
{Heap after GC invocations=1 (full 1):
 garbage-first heap   total 20480K, used 2394K [0x00000007e0000000, 0x0000000800000000)
  region size 1024K, 0 young (0K), 0 survivors (0K)
 Metaspace       used 2981K, capacity 6131K, committed 6272K, reserved 1056768K
  class space    used 292K, capacity 599K, committed 640K, reserved 1048576K
}
Event: 274.543 GC heap before
{Heap before GC invocations=1 (full 1):
 garbage-first heap   total 20480K, used 3418K [0x00000007e0000000, 0x0000000800000000)
  region size 1024K, 2 young (2048K), 0 survivors (0K)
 Metaspace       used 3049K, capacity 6131K, committed 6272K, reserved 1056768K
  class space    used 295K, capacity 599K, committed 640K, reserved 1048576K
}
Event: 274.555 GC heap after
{Heap after GC invocations=2 (full 2):
 garbage-first heap   total 17408K, used 2642K [0x00000007e0000000, 0x0000000800000000)
  region size 1024K, 0 young (0K), 0 survivors (0K)
 Metaspace       used 3049K, capacity 6131K, committed 6272K, reserved 1056768K
  class space    used 295K, capacity 599K, committed 640K, reserved 1048576K
}
Event: 275.356 GC heap before
{Heap before GC invocations=2 (full 2):
 garbage-first heap   total 17408K, used 6738K [0x00000007e0000000, 0x0000000800000000)
  region size 1024K, 4 young (4096K), 0 survivors (0K)
 Metaspace       used 3480K, capacity 6250K, committed 6528K, reserved 1056768K
  class space    used 327K, capacity 619K, committed 640K, reserved 1048576K
}
Event: 275.358 GC heap after
{Heap after GC invocations=3 (full 2):
 garbage-first heap   total 17408K, used 2882K [0x00000007e0000000, 0x0000000800000000)
  region size 1024K, 1 young (1024K), 1 survivors (1024K)
 Metaspace       used 3480K, capacity 6250K, committed 6528K, reserved 1056768K
  class space    used 327K, capacity 619K, committed 640K, reserved 1048576K
}
Event: 275.596 GC heap before
{Heap before GC invocations=3 (full 2):
 garbage-first heap   total 17408K, used 4930K [0x00000007e0000000, 0x0000000800000000)
  region size 1024K, 4 young (4096K), 1 survivors (1024K)
 Metaspace       used 3685K, capacity 6378K, committed 6528K, reserved 1056768K
  class space    used 338K, capacity 619K, committed 640K, reserved 1048576K
}
Event: 275.619 GC heap after
{Heap after GC invocations=4 (full 3):
 garbage-first heap   total 17408K, used 3920K [0x00000007e0000000, 0x0000000800000000)
  region size 1024K, 0 young (0K), 0 survivors (0K)
 Metaspace       used 3685K, capacity 6378K, committed 6528K, reserved 1056768K
  class space    used 338K, capacity 619K, committed 640K, reserved 1048576K
}
Event: 275.729 GC heap before
{Heap before GC invocations=4 (full 3):
 garbage-first heap   total 17408K, used 9040K [0x00000007e0000000, 0x0000000800000000)
  region size 1024K, 6 young (6144K), 0 survivors (0K)
 Metaspace       used 3735K, capacity 6442K, committed 6528K, reserved 1056768K
  class space    used 339K, capacity 619K, committed 640K, reserved 1048576K
}
Event: 275.735 GC heap after
{Heap after GC invocations=5 (full 3):
 garbage-first heap   total 17408K, used 8343K [0x00000007e0000000, 0x0000000800000000)
  region size 1024K, 1 young (1024K), 1 survivors (1024K)
 Metaspace       used 3735K, capacity 6442K, committed 6528K, reserved 1056768K
  class space    used 339K, capacity 619K, committed 640K, reserved 1048576K
}
Event: 275.743 GC heap before
{Heap before GC invocations=5 (full 3):
 garbage-first heap   total 17408K, used 9367K [0x00000007e0000000, 0x0000000800000000)
  region size 1024K, 2 young (2048K), 1 survivors (1024K)
 Metaspace       used 3738K, capacity 6442K, committed 6528K, reserved 1056768K
  class space    used 339K, capacity 619K, committed 640K, reserved 1048576K
}
Event: 275.745 GC heap after
{Heap after GC invocations=6 (full 3):
 garbage-first heap   total 17408K, used 9156K [0x00000007e0000000, 0x0000000800000000)
  region size 1024K, 1 young (1024K), 1 survivors (1024K)
 Metaspace       used 3738K, capacity 6442K, committed 6528K, reserved 1056768K
  class space    used 339K, capacity 619K, committed 640K, reserved 1048576K
}
Event: 275.752 GC heap before
{Heap before GC invocations=6 (full 3):
 garbage-first heap   total 17408K, used 10180K [0x00000007e0000000, 0x0000000800000000)
  region size 1024K, 2 young (2048K), 1 survivors (1024K)
 Metaspace       used 3746K, capacity 6442K, committed 6528K, reserved 1056768K
  class space    used 339K, capacity 619K, committed 640K, reserved 1048576K
}
Event: 275.754 GC heap after
{Heap after GC invocations=7 (full 3):
 garbage-first heap   total 17408K, used 10175K [0x00000007e0000000, 0x0000000800000000)
  region size 1024K, 1 young (1024K), 1 survivors (1024K)
 Metaspace       used 3746K, capacity 6442K, committed 6528K, reserved 1056768K
  class space    used 339K, capacity 619K, committed 640K, reserved 1048576K
}
Event: 275.765 GC heap before
{Heap before GC invocations=7 (full 3):
 garbage-first heap   total 17408K, used 11199K [0x00000007e0000000, 0x0000000800000000)
  region size 1024K, 2 young (2048K), 1 survivors (1024K)
 Metaspace       used 3748K, capacity 6442K, committed 6528K, reserved 1056768K
  class space    used 339K, capacity 619K, committed 640K, reserved 1048576K
}
Event: 275.766 GC heap after
{Heap after GC invocations=8 (full 3):
 garbage-first heap   total 17408K, used 10739K [0x00000007e0000000, 0x0000000800000000)
  region size 1024K, 1 young (1024K), 1 survivors (1024K)
 Metaspace       used 3748K, capacity 6442K, committed 6528K, reserved 1056768K
  class space    used 339K, capacity 619K, committed 640K, reserved 1048576K
}
Event: 275.781 GC heap before
{Heap before GC invocations=8 (full 3):
 garbage-first heap   total 25600K, used 11763K [0x00000007e0000000, 0x0000000800000000)
  region size 1024K, 2 young (2048K), 1 survivors (1024K)
 Metaspace       used 3758K, capacity 6442K, committed 6528K, reserved 1056768K
  class space    used 339K, capacity 619K, committed 640K, reserved 1048576K
}
Event: 275.783 GC heap after
{Heap after GC invocations=9 (full 3):
 garbage-first heap   total 25600K, used 11203K [0x00000007e0000000, 0x0000000800000000)
  region size 1024K, 1 young (1024K), 1 survivors (1024K)
 Metaspace       used 3758K, capacity 6442K, committed 6528K, reserved 1056768K
  class space    used 339K, capacity 619K, committed 640K, reserved 1048576K
}

